# JRE version: OpenJDK Runtime Environment (11.0.18+10) (build 11.0.18+10)
# Java VM: OpenJDK 64-Bit Server VM (11.0.18+10, mixed mode, tiered, compressed oops, g1 gc, linux-amd64)
Heap:
 garbage-first heap   total 151552K, used 60082K [0x00000000c0000000, 0x0000000100000000)
  region size 1024K, 25 young (25600K), 1 survivors (1024K)
 Metaspace       used 40169K, capacity 43225K, committed 43436K, reserved 1087488K
  class space    used 4305K, capacity 5275K, committed 5376K, reserved 1048576K
GC Heap History (20 events):
Event: 0.983 GC heap before
{Heap before GC invocations=3 (full 0):
 garbage-first heap   total 65536K, used 40501K [0x00000000c0000000, 0x0000000100000000)
  region size 1024K, 34 young (34816K), 4 survivors (4096K)
 Metaspace       used 16062K, capacity 16306K, committed 16640K, reserved 1064960K
  class space    used 1413K, capacity 1471K, committed 1536K, reserved 1048576K
}
Event: 0.994 GC heap after
{Heap after GC invocations=4 (full 0):
 garbage-first heap   total 66560K, used 30969K [0x00000000c0000000, 0x0000000100000000)
  region size 1024K, 5 young (5120K), 5 survivors (5120K)
 Metaspace       used 16062K, capacity 16306K, committed 16640K, reserved 1064960K
  class space    used 1413K, capacity 1471K, committed 1536K, reserved 1048576K
}
Event: 1.019 GC heap before
{Heap before GC invocations=4 (full 0):
 garbage-first heap   total 66560K, used 44281K [0x00000000c0000000, 0x0000000100000000)
  region size 1024K, 18 young (18432K), 5 survivors (5120K)
 Metaspace       used 16091K, capacity 16434K, committed 16640K, reserved 1064960K
  class space    used 1413K, capacity 1471K, committed 1536K, reserved 1048576K
}
Event: 1.025 GC heap after
{Heap after GC invocations=5 (full 0):
 garbage-first heap   total 88064K, used 36352K [0x00000000c0000000, 0x0000000100000000)
  region size 1024K, 3 young (3072K), 3 survivors (3072K)
 Metaspace       used 16091K, capacity 16434K, committed 16640K, reserved 1064960K
  class space    used 1413K, capacity 1471K, committed 1536K, reserved 1048576K
}
Event: 1.078 GC heap before
{Heap before GC invocations=5 (full 0):
 garbage-first heap   total 88064K, used 54784K [0x00000000c0000000, 0x0000000100000000)
  region size 1024K, 21 young (21504K), 3 survivors (3072K)
 Metaspace       used 16097K, capacity 16434K, committed 16640K, reserved 1064960K
  class space    used 1413K, capacity 1471K, committed 1536K, reserved 1048576K
}
Event: 1.082 GC heap after
{Heap after GC invocations=6 (full 0):
 garbage-first heap   total 88064K, used 40354K [0x00000000c0000000, 0x0000000100000000)
  region size 1024K, 3 young (3072K), 3 survivors (3072K)
 Metaspace       used 16097K, capacity 16434K, committed 16640K, reserved 1064960K
  class space    used 1413K, capacity 1471K, committed 1536K, reserved 1048576K
}
Event: 1.269 GC heap before
{Heap before GC invocations=6 (full 0):
 garbage-first heap   total 88064K, used 57762K [0x00000000c0000000, 0x0000000100000000)
  region size 1024K, 21 young (21504K), 3 survivors (3072K)
 Metaspace       used 19187K, capacity 19808K, committed 19968K, reserved 1067008K
  class space    used 1758K, capacity 1960K, committed 2048K, reserved 1048576K
}
Event: 1.275 GC heap after
{Heap after GC invocations=7 (full 0):
 garbage-first heap   total 88064K, used 43957K [0x00000000c0000000, 0x0000000100000000)
  region size 1024K, 3 young (3072K), 3 survivors (3072K)
 Metaspace       used 19187K, capacity 19808K, committed 19968K, reserved 1067008K
  class space    used 1758K, capacity 1960K, committed 2048K, reserved 1048576K
}
Event: 1.283 GC heap before
{Heap before GC invocations=7 (full 0):
 garbage-first heap   total 88064K, used 43957K [0x00000000c0000000, 0x0000000100000000)
  region size 1024K, 4 young (4096K), 3 survivors (3072K)
 Metaspace       used 19340K, capacity 19936K, committed 20224K, reserved 1067008K
  class space    used 1775K, capacity 1960K, committed 2048K, reserved 1048576K
}
Event: 1.286 GC heap after
{Heap after GC invocations=8 (full 0):
 garbage-first heap   total 88064K, used 44409K [0x00000000c0000000, 0x0000000100000000)
  region size 1024K, 1 young (1024K), 1 survivors (1024K)
 Metaspace       used 19340K, capacity 19936K, committed 20224K, reserved 1067008K
  class space    used 1775K, capacity 1960K, committed 2048K, reserved 1048576K
}
Event: 1.457 GC heap before
{Heap before GC invocations=9 (full 0):
 garbage-first heap   total 88064K, used 34169K [0x00000000c0000000, 0x0000000100000000)
  region size 1024K, 16 young (16384K), 1 survivors (1024K)
 Metaspace       used 19661K, capacity 20272K, committed 20480K, reserved 1067008K
  class space    used 1777K, capacity 1962K, committed 2048K, reserved 1048576K
}
Event: 1.460 GC heap after
{Heap after GC invocations=10 (full 0):
 garbage-first heap   total 107520K, used 21926K [0x00000000c0000000, 0x0000000100000000)
  region size 1024K, 2 young (2048K), 2 survivors (2048K)
 Metaspace       used 19661K, capacity 20272K, committed 20480K, reserved 1067008K
  class space    used 1777K, capacity 1962K, committed 2048K, reserved 1048576K
}
Event: 1.482 GC heap before
{Heap before GC invocations=10 (full 0):
 garbage-first heap   total 107520K, used 23974K [0x00000000c0000000, 0x0000000100000000)
  region size 1024K, 5 young (5120K), 2 survivors (2048K)
 Metaspace       used 19694K, capacity 20337K, committed 20480K, reserved 1067008K
  class space    used 1777K, capacity 1962K, committed 2048K, reserved 1048576K
}
Event: 1.489 GC heap after
{Heap after GC invocations=11 (full 0):
 garbage-first heap   total 107520K, used 21058K [0x00000000c0000000, 0x0000000100000000)
  region size 1024K, 1 young (1024K), 1 survivors (1024K)
 Metaspace       used 19694K, capacity 20337K, committed 20480K, reserved 1067008K
  class space    used 1777K, capacity 1962K, committed 2048K, reserved 1048576K
}
Event: 1.816 GC heap before
{Heap before GC invocations=11 (full 0):
 garbage-first heap   total 107520K, used 53826K [0x00000000c0000000, 0x0000000100000000)
  region size 1024K, 33 young (33792K), 1 survivors (1024K)
 Metaspace       used 22541K, capacity 23812K, committed 24064K, reserved 1071104K
  class space    used 2094K, capacity 2471K, committed 2560K, reserved 1048576K
}
Event: 1.821 GC heap after
{Heap after GC invocations=12 (full 0):
 garbage-first heap   total 107520K, used 27644K [0x00000000c0000000, 0x0000000100000000)
  region size 1024K, 5 young (5120K), 5 survivors (5120K)
 Metaspace       used 22541K, capacity 23812K, committed 24064K, reserved 1071104K
  class space    used 2094K, capacity 2471K, committed 2560K, reserved 1048576K
}
Event: 2.226 GC heap before
{Heap before GC invocations=12 (full 0):
 garbage-first heap   total 107520K, used 59388K [0x00000000c0000000, 0x0000000100000000)
  region size 1024K, 36 young (36864K), 5 survivors (5120K)
 Metaspace       used 30618K, capacity 32797K, committed 32896K, reserved 1079296K
  class space    used 3001K, capacity 3694K, committed 3712K, reserved 1048576K
}
Event: 2.239 GC heap after
{Heap after GC invocations=13 (full 0):
 garbage-first heap   total 107520K, used 32743K [0x00000000c0000000, 0x0000000100000000)
  region size 1024K, 4 young (4096K), 4 survivors (4096K)
 Metaspace       used 30618K, capacity 32797K, committed 32896K, reserved 1079296K
  class space    used 3001K, capacity 3694K, committed 3712K, reserved 1048576K
}
Event: 2.266 GC heap before
{Heap before GC invocations=13 (full 0):
 garbage-first heap   total 107520K, used 33767K [0x00000000c0000000, 0x0000000100000000)
  region size 1024K, 6 young (6144K), 4 survivors (4096K)
 Metaspace       used 31383K, capacity 33586K, committed 33708K, reserved 1079296K
  class space    used 3086K, capacity 3808K, committed 3840K, reserved 1048576K
}
Event: 2.269 GC heap after
{Heap after GC invocations=14 (full 0):
 garbage-first heap   total 151552K, used 33458K [0x00000000c0000000, 0x0000000100000000)
  region size 1024K, 1 young (1024K), 1 survivors (1024K)
 Metaspace       used 31383K, capacity 33586K, committed 33708K, reserved 1079296K
  class space    used 3086K, capacity 3808K, committed 3840K, reserved 1048576K
}

